<?xml version="1.0" encoding="UTF-8" ?>
<testsuite failures="0" time="0.522" errors="0" skipped="0" tests="3" name="com.gooddata.security.pgp.PgpEncryptorTest">
  <properties>
[...]
</properties>
  <testcase time="0.312" classname="com.gooddata.security.pgp.PgpEncryptorTest" name="testSignMessage"/>
  <testcase time="0.112" classname="com.gooddata.security.pgp.PgpEncryptorTest" name="testSignAndEncryptValidMessage"/>
  <testcase time="0.064" classname="com.gooddata.security.pgp.PgpEncryptorTest" name="testEncryptMessage"/>
</testsuite>